2025-04-11 12:00:27 - INFO - STARTING DATA AUGMENTATION USING GAUSSIAN NOISE...
2025-04-11 12:00:27 - INFO - ---> Loading dataset from Data/data_1.csv
2025-04-11 12:00:27 - INFO - Dataset loaded successfully
2025-04-11 12:00:27 - INFO - Adding Gaussian noise with noise level: 0.01 to numerical columns.
2025-04-11 12:00:27 - INFO - Ensured mutual exclusivity of 'ESM' and 'HSPC' after noise addition
2025-04-11 12:00:27 - INFO - Saved augmented data to Data/data_1_augmented_gn.csv
2025-04-11 12:00:27 - INFO - ...DONE!


2025-04-11 12:00:47 - INFO - Full file path: Data/data_1.csv
2025-04-11 12:00:47 - INFO - Starting data augmentation using SMOTE on data_1.csv...
2025-04-11 12:00:47 - INFO - ---> Loading dataset from Data/data_1.csv
2025-04-11 12:00:47 - INFO - Dataset loaded successfully
2025-04-11 12:00:47 - INFO - Encoding 'AQUEOUS' column
2025-04-11 12:00:47 - INFO - Encoding completed: 'MQ' -> 0, 'PBS' -> 1
2025-04-11 12:00:47 - INFO - Applying SMOTENC to balance dataset
2025-04-11 12:00:47 - INFO - SMOTENC completed successfully
2025-04-11 12:00:47 - INFO - Converted resampled data to DataFrame
2025-04-11 12:00:47 - INFO - Decoding 'AQUEOUS' column back to original labels
2025-04-11 12:00:47 - INFO - Ensuring 'ESM' and 'HSPC' remain mutually exclusive
2025-04-11 12:00:47 - INFO - Saving augmented dataset to Data/data_1_augmented_SMOTE.csv
2025-04-11 12:00:47 - INFO - Data augmentation completed successfully for data_1.csv. Augmented dataset saved.
2025-04-11 12:00:47 - INFO - ...DONE!


