2025-04-11 12:00:13 - INFO - STARTED CHECKING FEATURE BOUNDS...
2025-04-11 12:00:13 - INFO - Processing file: extension.csv
2025-04-11 12:00:13 - INFO - Loaded extension.csv successfully.
2025-04-11 12:00:13 - INFO - Checked and replaced out-of-bounds values for extension.csv.
2025-04-11 12:00:13 - INFO - Number of values replaced with NaN in extension.csv: 0
2025-04-11 12:00:13 - INFO - Overwritten the original file with modified data: Data/extension.csv.
2025-04-11 12:00:13 - INFO - Processing file: validation.csv
2025-04-11 12:00:13 - INFO - Loaded validation.csv successfully.
2025-04-11 12:00:13 - INFO - Checked and replaced out-of-bounds values for validation.csv.
2025-04-11 12:00:13 - INFO - Number of values replaced with NaN in validation.csv: 0
2025-04-11 12:00:13 - INFO - Overwritten the original file with modified data: Data/validation.csv.
2025-04-11 12:00:13 - INFO - Processing file: seed.csv
2025-04-11 12:00:13 - INFO - Loaded seed.csv successfully.
2025-04-11 12:00:13 - INFO - Checked and replaced out-of-bounds values for seed.csv.
2025-04-11 12:00:13 - INFO - Number of values replaced with NaN in seed.csv: 0
2025-04-11 12:00:13 - INFO - Overwritten the original file with modified data: Data/seed.csv.
2025-04-11 12:00:13 - INFO - ...DONE!


2025-04-11 12:01:00 - INFO - STARTED CHECKING FEATURE BOUNDS...
2025-04-11 12:01:00 - INFO - Processing file: data_2.csv
2025-04-11 12:01:00 - INFO - Loaded data_2.csv successfully.
2025-04-11 12:01:00 - INFO - Checked and replaced out-of-bounds values for data_2.csv.
2025-04-11 12:01:00 - INFO - Number of values replaced with NaN in data_2.csv: 25
2025-04-11 12:01:00 - INFO - Overwritten the original file with modified data: Data/data_2.csv.
2025-04-11 12:01:00 - INFO - Processing file: extension.csv
2025-04-11 12:01:00 - INFO - Loaded extension.csv successfully.
2025-04-11 12:01:00 - INFO - Checked and replaced out-of-bounds values for extension.csv.
2025-04-11 12:01:00 - INFO - Number of values replaced with NaN in extension.csv: 0
2025-04-11 12:01:00 - INFO - Overwritten the original file with modified data: Data/extension.csv.
2025-04-11 12:01:00 - INFO - Processing file: data_3.csv
2025-04-11 12:01:00 - INFO - Loaded data_3.csv successfully.
2025-04-11 12:01:00 - INFO - Checked and replaced out-of-bounds values for data_3.csv.
2025-04-11 12:01:00 - INFO - Number of values replaced with NaN in data_3.csv: 25
2025-04-11 12:01:00 - INFO - Overwritten the original file with modified data: Data/data_3.csv.
2025-04-11 12:01:00 - INFO - Processing file: validation.csv
2025-04-11 12:01:00 - INFO - Loaded validation.csv successfully.
2025-04-11 12:01:00 - INFO - Checked and replaced out-of-bounds values for validation.csv.
2025-04-11 12:01:00 - INFO - Number of values replaced with NaN in validation.csv: 0
2025-04-11 12:01:00 - INFO - Overwritten the original file with modified data: Data/validation.csv.
2025-04-11 12:01:00 - INFO - Processing file: data_1.csv
2025-04-11 12:01:00 - INFO - Loaded data_1.csv successfully.
2025-04-11 12:01:00 - INFO - Checked and replaced out-of-bounds values for data_1.csv.
2025-04-11 12:01:00 - INFO - Number of values replaced with NaN in data_1.csv: 0
2025-04-11 12:01:00 - INFO - Overwritten the original file with modified data: Data/data_1.csv.
2025-04-11 12:01:00 - INFO - Processing file: seed.csv
2025-04-11 12:01:00 - INFO - Loaded seed.csv successfully.
2025-04-11 12:01:00 - INFO - Checked and replaced out-of-bounds values for seed.csv.
2025-04-11 12:01:00 - INFO - Number of values replaced with NaN in seed.csv: 0
2025-04-11 12:01:00 - INFO - Overwritten the original file with modified data: Data/seed.csv.
2025-04-11 12:01:00 - INFO - Processing file: data_1_augmented_gn.csv
2025-04-11 12:01:00 - INFO - Loaded data_1_augmented_gn.csv successfully.
2025-04-11 12:01:00 - INFO - Checked and replaced out-of-bounds values for data_1_augmented_gn.csv.
2025-04-11 12:01:00 - INFO - Number of values replaced with NaN in data_1_augmented_gn.csv: 25
2025-04-11 12:01:00 - INFO - Overwritten the original file with modified data: Data/data_1_augmented_gn.csv.
2025-04-11 12:01:00 - INFO - Processing file: data_1_augmented_SMOTE.csv
2025-04-11 12:01:00 - INFO - Loaded data_1_augmented_SMOTE.csv successfully.
2025-04-11 12:01:00 - INFO - Checked and replaced out-of-bounds values for data_1_augmented_SMOTE.csv.
2025-04-11 12:01:00 - INFO - Number of values replaced with NaN in data_1_augmented_SMOTE.csv: 0
2025-04-11 12:01:00 - INFO - Overwritten the original file with modified data: Data/data_1_augmented_SMOTE.csv.
2025-04-11 12:01:00 - INFO - ...DONE!


