2025-04-11 12:00:21 - INFO - STARTING TO MERGE CSV FILES...
2025-04-11 12:00:21 - INFO - ---> Reading extension.csv...
2025-04-11 12:00:21 - INFO - Skipping validation.csv (already merged or invalid)...
2025-04-11 12:00:21 - INFO - Skipping .DS_Store (already merged or invalid)...
2025-04-11 12:00:21 - INFO - ---> Reading seed.csv...
2025-04-11 12:00:21 - INFO - Dropped 0 duplicates.
2025-04-11 12:00:21 - INFO - Successfully saved to 'data_1.csv'.
2025-04-11 12:00:21 - INFO - ... DONE!


2025-04-11 12:00:40 - INFO - STARTING TO MERGE CSV FILES...
2025-04-11 12:00:40 - INFO - ---> Reading extension.csv...
2025-04-11 12:00:40 - INFO - Skipping validation.csv (already merged or invalid)...
2025-04-11 12:00:40 - INFO - Skipping data_1.csv (already merged or invalid)...
2025-04-11 12:00:40 - INFO - Skipping .DS_Store (already merged or invalid)...
2025-04-11 12:00:40 - INFO - ---> Reading seed.csv...
2025-04-11 12:00:40 - INFO - ---> Reading data_1_augmented_gn.csv...
2025-04-11 12:00:40 - INFO - Dropped 0 duplicates.
2025-04-11 12:00:40 - INFO - Successfully saved to 'data_2.csv'.
2025-04-11 12:00:40 - INFO - ... DONE!


2025-04-11 12:00:52 - INFO - STARTING TO MERGE CSV FILES...
2025-04-11 12:00:52 - INFO - Skipping data_2.csv (already merged or invalid)...
2025-04-11 12:00:52 - INFO - ---> Reading extension.csv...
2025-04-11 12:00:52 - INFO - Skipping validation.csv (already merged or invalid)...
2025-04-11 12:00:52 - INFO - Skipping data_1.csv (already merged or invalid)...
2025-04-11 12:00:52 - INFO - Skipping .DS_Store (already merged or invalid)...
2025-04-11 12:00:52 - INFO - ---> Reading seed.csv...
2025-04-11 12:00:52 - INFO - ---> Reading data_1_augmented_gn.csv...
2025-04-11 12:00:52 - INFO - ---> Reading data_1_augmented_SMOTE.csv...
2025-04-11 12:00:52 - INFO - Dropped 0 duplicates.
2025-04-11 12:00:52 - INFO - Successfully saved to 'data_3.csv'.
2025-04-11 12:00:52 - INFO - ... DONE!


