2025-04-11 16:11:52 - INFO - STARTING EXPLORATORY DATA ANALYSIS (EDA)...
2025-04-11 16:11:52 - INFO - Exploring data_2.csv dataset...
2025-04-11 16:11:52 - INFO - Dataset Info for data_2.csv:
<class 'pandas.core.frame.DataFrame'>
RangeIndex: 379 entries, 0 to 378
Data columns (total 9 columns):
 #   Column   Non-Null Count  Dtype  
---  ------   --------------  -----  
 0   ESM      379 non-null    float64
 1   HSPC     379 non-null    float64
 2   CHOL     379 non-null    float64
 3   PEG      379 non-null    float64
 4   TFR      379 non-null    float64
 5   FRR      379 non-null    float64
 6   AQUEOUS  379 non-null    object 
 7   SIZE     379 non-null    float64
 8   PDI      379 non-null    float64
dtypes: float64(8), object(1)
memory usage: 26.8+ KB

2025-04-11 16:11:52 - INFO - Summary Statistics for data_2.csv:
              ESM        HSPC        CHOL         PEG         TFR         FRR         SIZE         PDI
count  379.000000  379.000000  379.000000  379.000000  379.000000  379.000000   379.000000  379.000000
mean     8.027250    5.117511    5.039960    2.920172    1.505535    6.897536   354.710510    0.247819
std      9.478049    5.537026    3.592828    3.802889    0.719088   10.713470  1100.069232    0.184351
min      0.000000    0.000000   -0.027259   -0.076575    0.241777    0.782429    51.786241    0.026684
25%      0.000000    0.000000    3.093244    0.000000    1.000000    2.999914    84.074237    0.120000
50%      0.000000    2.954768    3.404057    2.849200    1.375000    3.137505   108.600000    0.236000
75%     15.000000    9.576000    7.973018    3.352000    2.170000    6.388792   157.761000    0.295795
max     24.990239   20.915321   20.000000   12.889802    2.516228   50.000000  8973.734000    1.000000
2025-04-11 16:11:52 - INFO - First 5 Rows for data_2.csv:
         ESM  HSPC      CHOL       PEG  TFR  FRR AQUEOUS         SIZE       PDI
0   2.680738   0.0  1.031081  0.959164  2.5  2.5     PBS   451.294973  0.242660
1   2.437034   0.0  1.031081  1.918327  1.0  5.0     PBS    85.183977  0.250354
2  10.235545   0.0  1.546622  5.754981  2.5  2.5     PBS  1991.835482  0.201334
3   7.311103   0.0  3.093244  5.754981  1.0  5.0     PBS    84.108474  0.210550
4  10.966655   0.0  1.546622  2.877491  2.5  5.0     PBS  5670.858452  0.378192
2025-04-11 16:11:52 - INFO - ---> Plot saved at: Plots
2025-04-11 16:11:52 - INFO - ---> Feature distributions at: Plots/data_2.csv_complete_data_histogram.png
2025-04-11 16:11:52 - INFO - Exploring extension.csv dataset...
2025-04-11 16:11:52 - INFO - Dataset Info for extension.csv:
<class 'pandas.core.frame.DataFrame'>
RangeIndex: 57 entries, 0 to 56
Data columns (total 13 columns):
 #   Column   Non-Null Count  Dtype  
---  ------   --------------  -----  
 0   ID       57 non-null     object 
 1   ML       57 non-null     object 
 2   CHIP     57 non-null     object 
 3   ESM      57 non-null     float64
 4   HSPC     57 non-null     float64
 5   CHOL     57 non-null     float64
 6   PEG      57 non-null     float64
 7   TFR      57 non-null     float64
 8   FRR      57 non-null     float64
 9   AQUEOUS  57 non-null     object 
 10  OUTPUT   57 non-null     object 
 11  SIZE     57 non-null     float64
 12  PDI      57 non-null     float64
dtypes: float64(8), object(5)
memory usage: 5.9+ KB

2025-04-11 16:11:52 - INFO - Summary Statistics for extension.csv:
             ESM       HSPC       CHOL        PEG        TFR        FRR         SIZE        PDI
count  57.000000  57.000000  57.000000  57.000000  57.000000  57.000000    57.000000  57.000000
mean    5.561091   6.791946   4.676551   8.621359   2.184211   5.157895   467.589635   0.261960
std     7.195018   7.877085   2.991733   5.079632   0.616960   2.011480  1364.999873   0.085166
min     0.000000   0.000000   0.515541   0.959164   1.000000   2.500000    64.400000   0.104000
25%     0.000000   0.000000   1.546622   2.877491   2.500000   4.000000    92.900000   0.201334
50%     0.000000   2.612617   5.158955  12.797650   2.500000   5.000000    98.800000   0.245000
75%    13.006463  13.943548   7.695441  12.800000   2.500000   8.000000   130.200000   0.317000
max    19.509695  20.915321   8.598258  12.800000   2.500000   8.000000  7932.672652   0.454017
2025-04-11 16:11:52 - INFO - First 5 Rows for extension.csv:
   ID   ML        CHIP        ESM  HSPC      CHOL       PEG  TFR  FRR AQUEOUS OUTPUT         SIZE       PDI
0  E1  ESM  Micromixer   2.680738   0.0  1.031081  0.959164  2.5  2.5     PBS    YES   451.294973  0.242660
1  E2  ESM  Micromixer   2.437034   0.0  1.031081  1.918327  1.0  5.0     PBS    YES    85.183977  0.250354
2  E3  ESM  Micromixer  10.235545   0.0  1.546622  5.754981  2.5  2.5     PBS     NO  1991.835482  0.201334
3  E5  ESM  Micromixer   7.311103   0.0  3.093244  5.754981  1.0  5.0     PBS    YES    84.108474  0.210550
4  E8  ESM  Micromixer  10.966655   0.0  1.546622  2.877491  2.5  5.0     PBS     NO  5670.858452  0.378192
2025-04-11 16:11:52 - INFO - ---> Plot saved at: Plots
2025-04-11 16:11:52 - INFO - ---> Feature distributions at: Plots/extension.csv_complete_data_histogram.png
2025-04-11 16:11:52 - INFO - Exploring data_3.csv dataset...
2025-04-11 16:11:52 - INFO - Dataset Info for data_3.csv:
<class 'pandas.core.frame.DataFrame'>
RangeIndex: 491 entries, 0 to 490
Data columns (total 9 columns):
 #   Column   Non-Null Count  Dtype  
---  ------   --------------  -----  
 0   ESM      491 non-null    float64
 1   HSPC     491 non-null    float64
 2   CHOL     491 non-null    float64
 3   PEG      491 non-null    float64
 4   TFR      491 non-null    float64
 5   FRR      491 non-null    float64
 6   AQUEOUS  491 non-null    object 
 7   SIZE     491 non-null    float64
 8   PDI      491 non-null    float64
dtypes: float64(8), object(1)
memory usage: 34.6+ KB

2025-04-11 16:11:52 - INFO - Summary Statistics for data_3.csv:
              ESM        HSPC        CHOL         PEG         TFR         FRR         SIZE         PDI
count  491.000000  491.000000  491.000000  491.000000  491.000000  491.000000   491.000000  491.000000
mean     7.750884    5.040752    4.944745    3.123854    1.516135    6.839647   394.987876    0.255105
std      9.342904    5.475252    3.688780    3.959089    0.720092   10.455140  1138.301919    0.191631
min      0.000000    0.000000   -0.027259   -0.076575    0.241777    0.782429    51.786241    0.026684
25%      0.000000    0.000000    3.025000    0.000000    1.000000    3.000000    84.319000    0.145000
50%      0.000000    2.954768    3.352000    2.849200    1.375000    3.467369   107.632000    0.236000
75%     15.000000    9.576000    7.963075    3.352000    2.170000    6.785641   157.882000    0.295295
max     24.990239   20.915321   20.000000   12.889802    2.516228   50.000000  8973.734000    1.000000
2025-04-11 16:11:52 - INFO - First 5 Rows for data_3.csv:
         ESM  HSPC      CHOL       PEG  TFR  FRR AQUEOUS         SIZE       PDI
0   2.680738   0.0  1.031081  0.959164  2.5  2.5     PBS   451.294973  0.242660
1   2.437034   0.0  1.031081  1.918327  1.0  5.0     PBS    85.183977  0.250354
2  10.235545   0.0  1.546622  5.754981  2.5  2.5     PBS  1991.835482  0.201334
3   7.311103   0.0  3.093244  5.754981  1.0  5.0     PBS    84.108474  0.210550
4  10.966655   0.0  1.546622  2.877491  2.5  5.0     PBS  5670.858452  0.378192
2025-04-11 16:11:52 - INFO - ---> Plot saved at: Plots
2025-04-11 16:11:52 - INFO - ---> Feature distributions at: Plots/data_3.csv_complete_data_histogram.png
2025-04-11 16:11:52 - INFO - Exploring validation.csv dataset...
2025-04-11 16:11:52 - INFO - Dataset Info for validation.csv:
<class 'pandas.core.frame.DataFrame'>
RangeIndex: 12 entries, 0 to 11
Data columns (total 13 columns):
 #   Column   Non-Null Count  Dtype  
---  ------   --------------  -----  
 0   ID       12 non-null     object 
 1   ML       12 non-null     object 
 2   CHIP     12 non-null     object 
 3   ESM      12 non-null     float64
 4   HSPC     12 non-null     float64
 5   CHOL     12 non-null     float64
 6   PEG      12 non-null     float64
 7   TFR      12 non-null     float64
 8   FRR      12 non-null     float64
 9   AQUEOUS  12 non-null     object 
 10  OUTPUT   12 non-null     object 
 11  SIZE     12 non-null     int64  
 12  PDI      12 non-null     float64
dtypes: float64(7), int64(1), object(5)
memory usage: 1.3+ KB

2025-04-11 16:11:52 - INFO - Summary Statistics for validation.csv:
             ESM       HSPC       CHOL        PEG        TFR        FRR         SIZE        PDI
count  12.000000  12.000000  12.000000  12.000000  12.000000  12.000000    12.000000  12.000000
mean    6.757500   0.500000   3.171667   0.520833   1.201667   8.391667   282.833333   0.243083
std     5.713713   1.167748   3.210865   1.064821   0.556757  13.345238   523.574573   0.227956
min     0.000000   0.000000   0.400000   0.000000   0.440000   1.000000    79.000000   0.070000
25%     3.000000   0.000000   0.850000   0.000000   0.937500   3.000000    97.500000   0.104250
50%     4.950000   0.000000   2.500000   0.000000   1.015000   4.000000   117.500000   0.166000
75%    12.320000   0.000000   3.050000   0.550000   1.487500   7.250000   136.750000   0.249250
max    16.800000   3.000000   9.680000   3.600000   2.290000  50.000000  1928.000000   0.780000
2025-04-11 16:11:52 - INFO - First 5 Rows for validation.csv:
    ID    ML        CHIP    ESM  HSPC  CHOL   PEG   TFR   FRR AQUEOUS OUTPUT  SIZE   PDI
0   T6  HSPC  Micromixer   0.00   3.0  0.85  1.15  1.11   4.0     PBS    YES   121  0.18
1   T7   ESM  Micromixer   4.25   0.0  0.40  0.35  2.29   4.0     PBS    YES   129  0.09
2  T14   ESM  Micromixer  14.55   0.0  0.45  0.00  0.75  50.0     PBS     NO  1928  0.78
3  T17   ESM  Micromixer  16.80   0.0  3.00  3.60  0.44   8.0      MQ    YES   105  0.28
4  T19   ESM  Micromixer  12.32   0.0  9.68  0.00  1.02   3.0      MQ    YES    96  0.07
2025-04-11 16:11:53 - INFO - ---> Plot saved at: Plots
2025-04-11 16:11:53 - INFO - ---> Feature distributions at: Plots/validation.csv_complete_data_histogram.png
2025-04-11 16:11:53 - INFO - Exploring data_1.csv dataset...
2025-04-11 16:11:53 - INFO - Dataset Info for data_1.csv:
<class 'pandas.core.frame.DataFrame'>
RangeIndex: 303 entries, 0 to 302
Data columns (total 9 columns):
 #   Column   Non-Null Count  Dtype  
---  ------   --------------  -----  
 0   ESM      303 non-null    float64
 1   HSPC     303 non-null    float64
 2   CHOL     303 non-null    float64
 3   PEG      303 non-null    float64
 4   TFR      303 non-null    float64
 5   FRR      303 non-null    float64
 6   AQUEOUS  303 non-null    object 
 7   SIZE     303 non-null    float64
 8   PDI      303 non-null    float64
dtypes: float64(8), object(1)
memory usage: 21.4+ KB

2025-04-11 16:11:53 - INFO - Summary Statistics for data_1.csv:
              ESM        HSPC        CHOL         PEG         TFR         FRR         SIZE         PDI
count  303.000000  303.000000  303.000000  303.000000  303.000000  303.000000   303.000000  303.000000
mean     8.038298    5.132497    5.078946    2.906774    1.513937    6.887337   339.225713    0.244065
std      9.460656    5.606125    3.466368    3.810371    0.716021   10.704828  1087.658790    0.178996
min      0.000000    0.000000    0.000000    0.000000    0.250000    1.000000    57.030000    0.027000
25%      0.000000    0.000000    3.192000    0.000000    1.000000    3.000000    84.389500    0.113000
50%      0.000000    2.873879    5.000000    2.849200    1.375000    3.000000   109.153000    0.235000
75%     15.000000    9.576000    7.973018    3.352000    2.170000    6.000000   156.526000    0.295500
max     24.779000   20.915321   20.000000   12.800000    2.500000   50.000000  8973.734000    1.000000
2025-04-11 16:11:53 - INFO - First 5 Rows for data_1.csv:
         ESM  HSPC      CHOL       PEG  TFR  FRR AQUEOUS         SIZE       PDI
0   2.680738   0.0  1.031081  0.959164  2.5  2.5     PBS   451.294973  0.242660
1   2.437034   0.0  1.031081  1.918327  1.0  5.0     PBS    85.183977  0.250354
2  10.235545   0.0  1.546622  5.754981  2.5  2.5     PBS  1991.835482  0.201334
3   7.311103   0.0  3.093244  5.754981  1.0  5.0     PBS    84.108474  0.210550
4  10.966655   0.0  1.546622  2.877491  2.5  5.0     PBS  5670.858452  0.378192
2025-04-11 16:11:53 - INFO - ---> Plot saved at: Plots
2025-04-11 16:11:53 - INFO - ---> Feature distributions at: Plots/data_1.csv_complete_data_histogram.png
2025-04-11 16:11:53 - INFO - Exploring seed.csv dataset...
2025-04-11 16:11:53 - INFO - Dataset Info for seed.csv:
<class 'pandas.core.frame.DataFrame'>
RangeIndex: 246 entries, 0 to 245
Data columns (total 13 columns):
 #   Column   Non-Null Count  Dtype  
---  ------   --------------  -----  
 0   ID       246 non-null    object 
 1   ML       246 non-null    object 
 2   CHIP     246 non-null    object 
 3   ESM      246 non-null    float64
 4   HSPC     246 non-null    float64
 5   CHOL     246 non-null    float64
 6   PEG      246 non-null    float64
 7   TFR      246 non-null    float64
 8   FRR      246 non-null    float64
 9   AQUEOUS  246 non-null    object 
 10  OUTPUT   246 non-null    object 
 11  SIZE     246 non-null    float64
 12  PDI      246 non-null    float64
dtypes: float64(8), object(5)
memory usage: 25.1+ KB

2025-04-11 16:11:53 - INFO - Summary Statistics for seed.csv:
              ESM        HSPC        CHOL         PEG        TFR         FRR         SIZE         PDI
count  246.000000  246.000000  246.000000  246.000000  246.00000  246.000000   246.000000  246.000000
mean     8.612284    4.747990    5.172184    1.582663    1.35863    7.288061   309.482854    0.239919
std      9.835454    4.875343    3.566368    1.625114    0.64515   11.809824  1013.720343    0.194278
min      0.000000    0.000000    0.000000    0.000000    0.25000    1.000000    57.030000    0.027000
25%      0.000000    0.000000    3.192000    0.000000    1.00000    3.000000    81.568750    0.089250
50%      0.000000    3.000000    4.176000    1.000000    1.37500    3.000000   111.460500    0.229500
75%     15.000000    9.576000    7.973018    3.192000    2.03000    5.000000   158.645500    0.294750
max     24.779000   12.570000   20.000000    4.190000    2.50000   50.000000  8973.734000    1.000000
2025-04-11 16:11:53 - INFO - First 5 Rows for seed.csv:
     ID    ML        CHIP  ESM   HSPC  CHOL   PEG   TFR   FRR AQUEOUS OUTPUT     SIZE    PDI
0  01SD  HSPC  Micromixer  0.0   3.00   1.0  1.00  0.25   3.0      MQ    YES  117.567  0.327
1  02SD  HSPC  Micromixer  0.0  11.25   0.0  3.75  1.00   3.0      MQ    YES  124.403  0.403
2  04SD  HSPC  Micromixer  0.0   3.00   1.0  1.00  1.00   3.0     PBS    YES   73.088  0.238
3  05SD  HSPC  Micromixer  0.0  11.25   0.0  3.75  1.00  50.0      MQ     NO  141.591  0.597
4  06SD  HSPC  Micromixer  0.0   9.00   3.0  3.00  0.25  50.0     PBS    YES  135.642  0.428
2025-04-11 16:11:53 - INFO - ---> Plot saved at: Plots
2025-04-11 16:11:53 - INFO - ---> Feature distributions at: Plots/seed.csv_complete_data_histogram.png
2025-04-11 16:11:53 - INFO - Exploring data_1_augmented_gn.csv dataset...
2025-04-11 16:11:53 - INFO - Dataset Info for data_1_augmented_gn.csv:
<class 'pandas.core.frame.DataFrame'>
RangeIndex: 76 entries, 0 to 75
Data columns (total 9 columns):
 #   Column   Non-Null Count  Dtype  
---  ------   --------------  -----  
 0   ESM      76 non-null     float64
 1   HSPC     76 non-null     float64
 2   CHOL     76 non-null     float64
 3   PEG      76 non-null     float64
 4   TFR      76 non-null     float64
 5   FRR      76 non-null     float64
 6   AQUEOUS  76 non-null     object 
 7   SIZE     76 non-null     float64
 8   PDI      76 non-null     float64
dtypes: float64(8), object(1)
memory usage: 5.5+ KB

2025-04-11 16:11:53 - INFO - Summary Statistics for data_1_augmented_gn.csv:
             ESM       HSPC       CHOL        PEG        TFR        FRR         SIZE        PDI
count  76.000000  76.000000  76.000000  76.000000  76.000000  76.000000    76.000000  76.000000
mean    7.983203   5.057764   4.884531   2.973588   1.472040   6.938197   416.445951   0.262786
std     9.610157   5.287955   4.079772   3.797605   0.735039  10.819057  1153.595944   0.204914
min     0.000000   0.000000  -0.027259  -0.076575   0.241777   0.782429    51.786241   0.026684
25%     0.000000   0.000000   2.056879   0.011248   0.994977   2.913317    81.082728   0.152636
50%     0.000000   2.976642   3.364513   2.972546   1.372125   3.155604   106.557438   0.241277
75%    16.355437   9.903687   7.751719   3.368034   2.173028   6.818191   163.380812   0.296029
max    24.990239  15.815896  19.960535  12.889802   2.516228  49.986792  6491.436691   0.999663
2025-04-11 16:11:53 - INFO - First 5 Rows for data_1_augmented_gn.csv:
         ESM       HSPC      CHOL       PEG       TFR        FRR AQUEOUS        SIZE       PDI
0  14.915372   0.000000  5.007640  0.028339  0.251616   2.840956      MQ  157.074445  0.132922
1   0.000000   9.551305  3.183881  3.107466  2.181893   1.393829      MQ  105.251993  0.148198
2   0.000000  10.050995  3.379642  3.370609  0.243665   7.145930      MQ  141.551211  0.316589
3   0.000000   9.636401  3.164374  3.099339  1.368397   0.970047      MQ  180.146032  0.411414
4   0.000000  11.242254  0.006245  3.711818  0.995181  49.867348      MQ  152.554441  0.601396
2025-04-11 16:11:53 - INFO - ---> Plot saved at: Plots
2025-04-11 16:11:53 - INFO - ---> Feature distributions at: Plots/data_1_augmented_gn.csv_complete_data_histogram.png
2025-04-11 16:11:53 - INFO - Exploring data_1_augmented_SMOTE.csv dataset...
2025-04-11 16:11:53 - INFO - Dataset Info for data_1_augmented_SMOTE.csv:
<class 'pandas.core.frame.DataFrame'>
RangeIndex: 112 entries, 0 to 111
Data columns (total 9 columns):
 #   Column   Non-Null Count  Dtype  
---  ------   --------------  -----  
 0   ESM      112 non-null    float64
 1   HSPC     112 non-null    float64
 2   CHOL     112 non-null    float64
 3   PEG      112 non-null    float64
 4   TFR      112 non-null    float64
 5   FRR      112 non-null    float64
 6   AQUEOUS  112 non-null    object 
 7   SIZE     112 non-null    float64
 8   PDI      112 non-null    float64
dtypes: float64(8), object(1)
memory usage: 8.0+ KB

2025-04-11 16:11:53 - INFO - Summary Statistics for data_1_augmented_SMOTE.csv:
              ESM        HSPC        CHOL         PEG         TFR         FRR         SIZE         PDI
count  112.000000  112.000000  112.000000  112.000000  112.000000  112.000000   112.000000  112.000000
mean     6.815683    4.781004    4.622542    3.813096    1.552002    6.643756   531.283605    0.279760
std      8.847096    5.276711    3.996657    4.395839    0.725564    9.571948  1254.811755    0.213493
min      0.000000    0.000000    0.000000    0.000000    0.250000    1.000000    57.030000    0.027000
25%      0.000000    0.000000    1.340800    0.000000    1.000000    3.000000    86.321952    0.173279
50%      0.000000    1.726507    3.352000    3.020600    1.375000    4.189207    99.446500    0.237807
75%     15.000000    9.620549    7.399711    4.287935    2.187488    6.854617   158.139500    0.292000
max     24.779000   15.773638   20.000000   12.800000    2.500000   50.000000  6478.919000    1.000000
2025-04-11 16:11:53 - INFO - First 5 Rows for data_1_augmented_SMOTE.csv:
    ESM    HSPC   CHOL    PEG    TFR   FRR AQUEOUS     SIZE    PDI
0  15.0   0.000  5.000  0.000  0.250   3.0      MQ  180.646  0.132
1   0.0   9.576  3.192  3.192  2.170   1.6      MQ  100.593  0.152
2   0.0  10.056  3.352  3.352  0.250   7.0      MQ  124.162  0.316
3   0.0   9.576  3.192  3.192  1.375   1.0      MQ  157.640  0.409
4   0.0  11.250  0.000  3.750  1.000  50.0      MQ  141.591  0.597
2025-04-11 16:11:53 - INFO - ---> Plot saved at: Plots
2025-04-11 16:11:53 - INFO - ---> Feature distributions at: Plots/data_1_augmented_SMOTE.csv_complete_data_histogram.png
2025-04-11 16:11:53 - INFO - Plotting numeric distributions (seed.csv vs data_2.csv)...
2025-04-11 16:11:53 - INFO - ---> Plot saved at: Plots
2025-04-11 16:11:53 - INFO - ---> Distribution plot saved for: ESM
2025-04-11 16:11:53 - INFO - ---> Plot saved at: Plots
2025-04-11 16:11:53 - INFO - ---> Distribution plot saved for: HSPC
2025-04-11 16:11:54 - INFO - ---> Plot saved at: Plots
2025-04-11 16:11:54 - INFO - ---> Distribution plot saved for: CHOL
2025-04-11 16:11:54 - INFO - ---> Plot saved at: Plots
2025-04-11 16:11:54 - INFO - ---> Distribution plot saved for: PEG
2025-04-11 16:11:54 - INFO - ---> Plot saved at: Plots
2025-04-11 16:11:54 - INFO - ---> Distribution plot saved for: TFR
2025-04-11 16:11:54 - INFO - ---> Plot saved at: Plots
2025-04-11 16:11:54 - INFO - ---> Distribution plot saved for: FRR
2025-04-11 16:11:54 - INFO - ---> Plot saved at: Plots
2025-04-11 16:11:54 - INFO - ---> Distribution plot saved for: SIZE
2025-04-11 16:11:54 - INFO - ---> Plot saved at: Plots
2025-04-11 16:11:54 - INFO - ---> Distribution plot saved for: PDI
2025-04-11 16:11:54 - INFO - Plotting numeric distributions (seed.csv vs extension.csv)...
2025-04-11 16:11:54 - INFO - ---> Plot saved at: Plots
2025-04-11 16:11:54 - INFO - ---> Distribution plot saved for: ESM
2025-04-11 16:11:54 - INFO - ---> Plot saved at: Plots
2025-04-11 16:11:54 - INFO - ---> Distribution plot saved for: HSPC
2025-04-11 16:11:54 - INFO - ---> Plot saved at: Plots
2025-04-11 16:11:54 - INFO - ---> Distribution plot saved for: CHOL
2025-04-11 16:11:54 - INFO - ---> Plot saved at: Plots
2025-04-11 16:11:54 - INFO - ---> Distribution plot saved for: PEG
2025-04-11 16:11:54 - INFO - ---> Plot saved at: Plots
2025-04-11 16:11:54 - INFO - ---> Distribution plot saved for: TFR
2025-04-11 16:11:54 - INFO - ---> Plot saved at: Plots
2025-04-11 16:11:54 - INFO - ---> Distribution plot saved for: FRR
2025-04-11 16:11:54 - INFO - ---> Plot saved at: Plots
2025-04-11 16:11:54 - INFO - ---> Distribution plot saved for: SIZE
2025-04-11 16:11:54 - INFO - ---> Plot saved at: Plots
2025-04-11 16:11:54 - INFO - ---> Distribution plot saved for: PDI
2025-04-11 16:11:54 - INFO - Plotting numeric distributions (seed.csv vs data_3.csv)...
2025-04-11 16:11:54 - INFO - ---> Plot saved at: Plots
2025-04-11 16:11:54 - INFO - ---> Distribution plot saved for: ESM
2025-04-11 16:11:54 - INFO - ---> Plot saved at: Plots
2025-04-11 16:11:54 - INFO - ---> Distribution plot saved for: HSPC
2025-04-11 16:11:54 - INFO - ---> Plot saved at: Plots
2025-04-11 16:11:54 - INFO - ---> Distribution plot saved for: CHOL
2025-04-11 16:11:54 - INFO - ---> Plot saved at: Plots
2025-04-11 16:11:54 - INFO - ---> Distribution plot saved for: PEG
2025-04-11 16:11:54 - INFO - ---> Plot saved at: Plots
2025-04-11 16:11:54 - INFO - ---> Distribution plot saved for: TFR
2025-04-11 16:11:54 - INFO - ---> Plot saved at: Plots
2025-04-11 16:11:54 - INFO - ---> Distribution plot saved for: FRR
2025-04-11 16:11:54 - INFO - ---> Plot saved at: Plots
2025-04-11 16:11:54 - INFO - ---> Distribution plot saved for: SIZE
2025-04-11 16:11:54 - INFO - ---> Plot saved at: Plots
2025-04-11 16:11:54 - INFO - ---> Distribution plot saved for: PDI
2025-04-11 16:11:54 - INFO - Plotting numeric distributions (seed.csv vs validation.csv)...
2025-04-11 16:11:54 - INFO - ---> Plot saved at: Plots
2025-04-11 16:11:54 - INFO - ---> Distribution plot saved for: ESM
2025-04-11 16:11:55 - INFO - ---> Plot saved at: Plots
2025-04-11 16:11:55 - INFO - ---> Distribution plot saved for: HSPC
2025-04-11 16:11:55 - INFO - ---> Plot saved at: Plots
2025-04-11 16:11:55 - INFO - ---> Distribution plot saved for: CHOL
2025-04-11 16:11:55 - INFO - ---> Plot saved at: Plots
2025-04-11 16:11:55 - INFO - ---> Distribution plot saved for: PEG
2025-04-11 16:11:55 - INFO - ---> Plot saved at: Plots
2025-04-11 16:11:55 - INFO - ---> Distribution plot saved for: TFR
2025-04-11 16:11:55 - INFO - ---> Plot saved at: Plots
2025-04-11 16:11:55 - INFO - ---> Distribution plot saved for: FRR
2025-04-11 16:11:55 - INFO - ---> Plot saved at: Plots
2025-04-11 16:11:55 - INFO - ---> Distribution plot saved for: SIZE
2025-04-11 16:11:55 - INFO - ---> Plot saved at: Plots
2025-04-11 16:11:55 - INFO - ---> Distribution plot saved for: PDI
2025-04-11 16:11:55 - INFO - Plotting numeric distributions (seed.csv vs data_1.csv)...
2025-04-11 16:11:55 - INFO - ---> Plot saved at: Plots
2025-04-11 16:11:55 - INFO - ---> Distribution plot saved for: ESM
2025-04-11 16:11:55 - INFO - ---> Plot saved at: Plots
2025-04-11 16:11:55 - INFO - ---> Distribution plot saved for: HSPC
2025-04-11 16:11:55 - INFO - ---> Plot saved at: Plots
2025-04-11 16:11:55 - INFO - ---> Distribution plot saved for: CHOL
2025-04-11 16:11:55 - INFO - ---> Plot saved at: Plots
2025-04-11 16:11:55 - INFO - ---> Distribution plot saved for: PEG
2025-04-11 16:11:55 - INFO - ---> Plot saved at: Plots
2025-04-11 16:11:55 - INFO - ---> Distribution plot saved for: TFR
2025-04-11 16:11:55 - INFO - ---> Plot saved at: Plots
2025-04-11 16:11:55 - INFO - ---> Distribution plot saved for: FRR
2025-04-11 16:11:55 - INFO - ---> Plot saved at: Plots
2025-04-11 16:11:55 - INFO - ---> Distribution plot saved for: SIZE
2025-04-11 16:11:55 - INFO - ---> Plot saved at: Plots
2025-04-11 16:11:55 - INFO - ---> Distribution plot saved for: PDI
2025-04-11 16:11:55 - INFO - Plotting numeric distributions (seed.csv vs data_1_augmented_gn.csv)...
2025-04-11 16:11:55 - INFO - ---> Plot saved at: Plots
2025-04-11 16:11:55 - INFO - ---> Distribution plot saved for: ESM
2025-04-11 16:11:55 - INFO - ---> Plot saved at: Plots
2025-04-11 16:11:55 - INFO - ---> Distribution plot saved for: HSPC
2025-04-11 16:11:55 - INFO - ---> Plot saved at: Plots
2025-04-11 16:11:55 - INFO - ---> Distribution plot saved for: CHOL
2025-04-11 16:11:55 - INFO - ---> Plot saved at: Plots
2025-04-11 16:11:55 - INFO - ---> Distribution plot saved for: PEG
2025-04-11 16:11:55 - INFO - ---> Plot saved at: Plots
2025-04-11 16:11:55 - INFO - ---> Distribution plot saved for: TFR
2025-04-11 16:11:55 - INFO - ---> Plot saved at: Plots
2025-04-11 16:11:55 - INFO - ---> Distribution plot saved for: FRR
2025-04-11 16:11:55 - INFO - ---> Plot saved at: Plots
2025-04-11 16:11:55 - INFO - ---> Distribution plot saved for: SIZE
2025-04-11 16:11:56 - INFO - ---> Plot saved at: Plots
2025-04-11 16:11:56 - INFO - ---> Distribution plot saved for: PDI
2025-04-11 16:11:56 - INFO - Plotting numeric distributions (seed.csv vs data_1_augmented_SMOTE.csv)...
2025-04-11 16:11:56 - INFO - ---> Plot saved at: Plots
2025-04-11 16:11:56 - INFO - ---> Distribution plot saved for: ESM
2025-04-11 16:11:56 - INFO - ---> Plot saved at: Plots
2025-04-11 16:11:56 - INFO - ---> Distribution plot saved for: HSPC
2025-04-11 16:11:56 - INFO - ---> Plot saved at: Plots
2025-04-11 16:11:56 - INFO - ---> Distribution plot saved for: CHOL
2025-04-11 16:11:56 - INFO - ---> Plot saved at: Plots
2025-04-11 16:11:56 - INFO - ---> Distribution plot saved for: PEG
2025-04-11 16:11:56 - INFO - ---> Plot saved at: Plots
2025-04-11 16:11:56 - INFO - ---> Distribution plot saved for: TFR
2025-04-11 16:11:56 - INFO - ---> Plot saved at: Plots
2025-04-11 16:11:56 - INFO - ---> Distribution plot saved for: FRR
2025-04-11 16:11:56 - INFO - ---> Plot saved at: Plots
2025-04-11 16:11:56 - INFO - ---> Distribution plot saved for: SIZE
2025-04-11 16:11:56 - INFO - ---> Plot saved at: Plots
2025-04-11 16:11:56 - INFO - ---> Distribution plot saved for: PDI
2025-04-11 16:11:56 - INFO - ---> Plot saved at: Plots
2025-04-11 16:11:56 - INFO - ---> Correlation heatmap at: Plots/data_2.csv_correlation_heatmap.png
2025-04-11 16:11:56 - INFO - ---> Plot saved at: Plots
2025-04-11 16:11:56 - INFO - ---> Correlation heatmap at: Plots/extension.csv_correlation_heatmap.png
2025-04-11 16:11:56 - INFO - ---> Plot saved at: Plots
2025-04-11 16:11:56 - INFO - ---> Correlation heatmap at: Plots/data_3.csv_correlation_heatmap.png
2025-04-11 16:11:56 - INFO - ---> Plot saved at: Plots
2025-04-11 16:11:56 - INFO - ---> Correlation heatmap at: Plots/validation.csv_correlation_heatmap.png
2025-04-11 16:11:56 - INFO - ---> Plot saved at: Plots
2025-04-11 16:11:56 - INFO - ---> Correlation heatmap at: Plots/data_1.csv_correlation_heatmap.png
2025-04-11 16:11:56 - INFO - ---> Plot saved at: Plots
2025-04-11 16:11:56 - INFO - ---> Correlation heatmap at: Plots/seed.csv_correlation_heatmap.png
2025-04-11 16:11:56 - INFO - ---> Plot saved at: Plots
2025-04-11 16:11:56 - INFO - ---> Correlation heatmap at: Plots/data_1_augmented_gn.csv_correlation_heatmap.png
2025-04-11 16:11:56 - INFO - ---> Plot saved at: Plots
2025-04-11 16:11:56 - INFO - ---> Correlation heatmap at: Plots/data_1_augmented_SMOTE.csv_correlation_heatmap.png
2025-04-11 16:11:56 - INFO - Calculating Sankey plot for data_2.csv...
2025-04-11 16:11:57 - INFO - Sankey plot saved as HTML for data_2.csv.
2025-04-11 16:11:57 - INFO - ---> Alluvial plot at: Plots/data_2.csv_sankey_plot.html
2025-04-11 16:11:57 - INFO - Calculating Sankey plot for extension.csv...
2025-04-11 16:11:57 - INFO - Sankey plot saved as HTML for extension.csv.
2025-04-11 16:11:57 - INFO - ---> Alluvial plot at: Plots/extension.csv_sankey_plot.html
2025-04-11 16:11:57 - INFO - Calculating Sankey plot for data_3.csv...
2025-04-11 16:11:57 - INFO - Sankey plot saved as HTML for data_3.csv.
2025-04-11 16:11:57 - INFO - ---> Alluvial plot at: Plots/data_3.csv_sankey_plot.html
2025-04-11 16:11:57 - INFO - Calculating Sankey plot for validation.csv...
2025-04-11 16:11:57 - INFO - Sankey plot saved as HTML for validation.csv.
2025-04-11 16:11:57 - INFO - ---> Alluvial plot at: Plots/validation.csv_sankey_plot.html
2025-04-11 16:11:57 - INFO - Calculating Sankey plot for data_1.csv...
2025-04-11 16:11:57 - INFO - Sankey plot saved as HTML for data_1.csv.
2025-04-11 16:11:57 - INFO - ---> Alluvial plot at: Plots/data_1.csv_sankey_plot.html
2025-04-11 16:11:57 - INFO - Calculating Sankey plot for seed.csv...
2025-04-11 16:11:57 - INFO - Sankey plot saved as HTML for seed.csv.
2025-04-11 16:11:57 - INFO - ---> Alluvial plot at: Plots/seed.csv_sankey_plot.html
2025-04-11 16:11:57 - INFO - Calculating Sankey plot for data_1_augmented_gn.csv...
2025-04-11 16:11:57 - INFO - Sankey plot saved as HTML for data_1_augmented_gn.csv.
2025-04-11 16:11:57 - INFO - ---> Alluvial plot at: Plots/data_1_augmented_gn.csv_sankey_plot.html
2025-04-11 16:11:57 - INFO - Calculating Sankey plot for data_1_augmented_SMOTE.csv...
2025-04-11 16:11:57 - INFO - Sankey plot saved as HTML for data_1_augmented_SMOTE.csv.
2025-04-11 16:11:57 - INFO - ---> Alluvial plot at: Plots/data_1_augmented_SMOTE.csv_sankey_plot.html
2025-04-11 16:11:57 - INFO - Calculating feature importance for data_2.csv...
2025-04-11 16:11:57 - INFO - ---> Plot saved at: Plots
2025-04-11 16:11:57 - INFO - ---> Feature importance at: Plots/data_2.csv_feature_importance_SIZE.png
2025-04-11 16:11:57 - INFO - ---> Plot saved at: Plots
2025-04-11 16:11:57 - INFO - ---> Feature importance at: Plots/data_2.csv_feature_importance_PDI.png
2025-04-11 16:11:57 - INFO - Calculating feature importance for extension.csv...
2025-04-11 16:11:57 - INFO - ---> Plot saved at: Plots
2025-04-11 16:11:57 - INFO - ---> Feature importance at: Plots/extension.csv_feature_importance_SIZE.png
2025-04-11 16:11:57 - INFO - ---> Plot saved at: Plots
2025-04-11 16:11:57 - INFO - ---> Feature importance at: Plots/extension.csv_feature_importance_PDI.png
2025-04-11 16:11:57 - INFO - Calculating feature importance for data_3.csv...
2025-04-11 16:11:57 - INFO - ---> Plot saved at: Plots
2025-04-11 16:11:57 - INFO - ---> Feature importance at: Plots/data_3.csv_feature_importance_SIZE.png
2025-04-11 16:11:57 - INFO - ---> Plot saved at: Plots
2025-04-11 16:11:57 - INFO - ---> Feature importance at: Plots/data_3.csv_feature_importance_PDI.png
2025-04-11 16:11:57 - INFO - Calculating feature importance for validation.csv...
2025-04-11 16:11:57 - INFO - ---> Plot saved at: Plots
2025-04-11 16:11:57 - INFO - ---> Feature importance at: Plots/validation.csv_feature_importance_SIZE.png
2025-04-11 16:11:57 - INFO - ---> Plot saved at: Plots
2025-04-11 16:11:57 - INFO - ---> Feature importance at: Plots/validation.csv_feature_importance_PDI.png
2025-04-11 16:11:57 - INFO - Calculating feature importance for data_1.csv...
2025-04-11 16:11:58 - INFO - ---> Plot saved at: Plots
2025-04-11 16:11:58 - INFO - ---> Feature importance at: Plots/data_1.csv_feature_importance_SIZE.png
2025-04-11 16:11:58 - INFO - ---> Plot saved at: Plots
2025-04-11 16:11:58 - INFO - ---> Feature importance at: Plots/data_1.csv_feature_importance_PDI.png
2025-04-11 16:11:58 - INFO - Calculating feature importance for seed.csv...
2025-04-11 16:11:58 - INFO - ---> Plot saved at: Plots
2025-04-11 16:11:58 - INFO - ---> Feature importance at: Plots/seed.csv_feature_importance_SIZE.png
2025-04-11 16:11:58 - INFO - ---> Plot saved at: Plots
2025-04-11 16:11:58 - INFO - ---> Feature importance at: Plots/seed.csv_feature_importance_PDI.png
2025-04-11 16:11:58 - INFO - Calculating feature importance for data_1_augmented_gn.csv...
2025-04-11 16:11:58 - INFO - ---> Plot saved at: Plots
2025-04-11 16:11:58 - INFO - ---> Feature importance at: Plots/data_1_augmented_gn.csv_feature_importance_SIZE.png
2025-04-11 16:11:58 - INFO - ---> Plot saved at: Plots
2025-04-11 16:11:58 - INFO - ---> Feature importance at: Plots/data_1_augmented_gn.csv_feature_importance_PDI.png
2025-04-11 16:11:58 - INFO - Calculating feature importance for data_1_augmented_SMOTE.csv...
2025-04-11 16:11:58 - INFO - ---> Plot saved at: Plots
2025-04-11 16:11:58 - INFO - ---> Feature importance at: Plots/data_1_augmented_SMOTE.csv_feature_importance_SIZE.png
2025-04-11 16:11:58 - INFO - ---> Plot saved at: Plots
2025-04-11 16:11:58 - INFO - ---> Feature importance at: Plots/data_1_augmented_SMOTE.csv_feature_importance_PDI.png
2025-04-11 16:11:58 - INFO - Performing PCA and UMAP clustering for data_2.csv...
2025-04-11 16:11:58 - INFO - ---> Plot saved at: Plots
2025-04-11 16:11:58 - INFO - ---> PCA density plot at: Plots/data_2.csv_pca_density_plot.png
2025-04-11 16:12:01 - INFO - ---> Plot saved at: Plots
2025-04-11 16:12:01 - INFO - ---> UMAP clustering at: Plots/data_2.csv_umap_clustering.png
2025-04-11 16:12:01 - INFO - Performing PCA and UMAP clustering for extension.csv...
2025-04-11 16:12:01 - INFO - ---> Plot saved at: Plots
2025-04-11 16:12:01 - INFO - ---> PCA density plot at: Plots/extension.csv_pca_density_plot.png
2025-04-11 16:12:01 - INFO - ---> Plot saved at: Plots
2025-04-11 16:12:01 - INFO - ---> UMAP clustering at: Plots/extension.csv_umap_clustering.png
2025-04-11 16:12:01 - INFO - Performing PCA and UMAP clustering for data_3.csv...
2025-04-11 16:12:01 - INFO - ---> Plot saved at: Plots
2025-04-11 16:12:01 - INFO - ---> PCA density plot at: Plots/data_3.csv_pca_density_plot.png
2025-04-11 16:12:02 - INFO - ---> Plot saved at: Plots
2025-04-11 16:12:02 - INFO - ---> UMAP clustering at: Plots/data_3.csv_umap_clustering.png
2025-04-11 16:12:02 - INFO - Performing PCA and UMAP clustering for validation.csv...
2025-04-11 16:12:02 - INFO - ---> Plot saved at: Plots
2025-04-11 16:12:02 - INFO - ---> PCA density plot at: Plots/validation.csv_pca_density_plot.png
2025-04-11 16:12:02 - INFO - ---> Plot saved at: Plots
2025-04-11 16:12:02 - INFO - ---> UMAP clustering at: Plots/validation.csv_umap_clustering.png
2025-04-11 16:12:02 - INFO - Performing PCA and UMAP clustering for data_1.csv...
2025-04-11 16:12:02 - INFO - ---> Plot saved at: Plots
2025-04-11 16:12:02 - INFO - ---> PCA density plot at: Plots/data_1.csv_pca_density_plot.png
2025-04-11 16:12:02 - INFO - ---> Plot saved at: Plots
2025-04-11 16:12:02 - INFO - ---> UMAP clustering at: Plots/data_1.csv_umap_clustering.png
2025-04-11 16:12:02 - INFO - Performing PCA and UMAP clustering for seed.csv...
2025-04-11 16:12:02 - INFO - ---> Plot saved at: Plots
2025-04-11 16:12:02 - INFO - ---> PCA density plot at: Plots/seed.csv_pca_density_plot.png
2025-04-11 16:12:02 - INFO - ---> Plot saved at: Plots
2025-04-11 16:12:02 - INFO - ---> UMAP clustering at: Plots/seed.csv_umap_clustering.png
2025-04-11 16:12:02 - INFO - Performing PCA and UMAP clustering for data_1_augmented_gn.csv...
2025-04-11 16:12:03 - INFO - ---> Plot saved at: Plots
2025-04-11 16:12:03 - INFO - ---> PCA density plot at: Plots/data_1_augmented_gn.csv_pca_density_plot.png
2025-04-11 16:12:03 - INFO - ---> Plot saved at: Plots
2025-04-11 16:12:03 - INFO - ---> UMAP clustering at: Plots/data_1_augmented_gn.csv_umap_clustering.png
2025-04-11 16:12:03 - INFO - Performing PCA and UMAP clustering for data_1_augmented_SMOTE.csv...
2025-04-11 16:12:03 - INFO - ---> Plot saved at: Plots
2025-04-11 16:12:03 - INFO - ---> PCA density plot at: Plots/data_1_augmented_SMOTE.csv_pca_density_plot.png
2025-04-11 16:12:03 - INFO - ---> Plot saved at: Plots
2025-04-11 16:12:03 - INFO - ---> UMAP clustering at: Plots/data_1_augmented_SMOTE.csv_umap_clustering.png
2025-04-11 16:12:03 - INFO - ...DONE!


