2025-04-11 13:13:07 - INFO - STARTING THE MLP MODEL TRAINING AND EVALUATION PROCESS...
2025-04-11 13:13:07 - INFO - ---> Loading dataset from Data/data_1.csv
2025-04-11 13:13:09 - INFO - MLP model training and grid search completed successfully.
2025-04-11 13:13:09 - INFO - Best Parameters: {'regressor__estimator__activation': 'tanh', 'regressor__estimator__alpha': 0.001, 'regressor__estimator__hidden_layer_sizes': (100,), 'regressor__estimator__learning_rate_init': 0.01}
2025-04-11 13:13:09 - INFO - Test R-squared: 0.5975061331999085
2025-04-11 13:13:09 - INFO - Test Mean Squared Error: 0.012683317815399399
2025-04-11 13:13:09 - INFO - Test Mean Absolute Error: 0.08118643882472003
2025-04-11 13:13:09 - INFO - Best model saved successfully at _Models/mlp_pdi_data_1.pkl
2025-04-11 13:13:09 - INFO - ---> Loading validation dataset from Data/validation.csv
2025-04-11 13:13:09 - INFO - Model validation completed successfully.
2025-04-11 13:13:09 - INFO - Validation R-squared: 0.6856213815048446
2025-04-11 13:13:09 - INFO - Validation Mean Squared Error: 0.014974925542685924
2025-04-11 13:13:09 - INFO - Validation Mean Absolute Error: 0.09680566970427029
2025-04-11 13:13:09 - INFO - ...VALIDATION DONE!


2025-04-11 13:13:17 - INFO - STARTING THE MLP MODEL TRAINING AND EVALUATION PROCESS...
2025-04-11 13:13:17 - INFO - ---> Loading dataset from Data/data_2.csv
2025-04-11 13:13:19 - INFO - MLP model training and grid search completed successfully.
2025-04-11 13:13:19 - INFO - Best Parameters: {'regressor__estimator__activation': 'tanh', 'regressor__estimator__alpha': 0.001, 'regressor__estimator__hidden_layer_sizes': (100,), 'regressor__estimator__learning_rate_init': 0.001}
2025-04-11 13:13:19 - INFO - Test R-squared: 0.716612280126244
2025-04-11 13:13:19 - INFO - Test Mean Squared Error: 0.009849612514063443
2025-04-11 13:13:19 - INFO - Test Mean Absolute Error: 0.06117457697122681
2025-04-11 13:13:19 - INFO - Best model saved successfully at _Models/mlp_pdi_data_2.pkl
2025-04-11 13:13:19 - INFO - ---> Loading validation dataset from Data/validation.csv
2025-04-11 13:13:19 - INFO - Model validation completed successfully.
2025-04-11 13:13:19 - INFO - Validation R-squared: 0.7392877054293896
2025-04-11 13:13:19 - INFO - Validation Mean Squared Error: 0.012418615546902578
2025-04-11 13:13:19 - INFO - Validation Mean Absolute Error: 0.0839373454534031
2025-04-11 13:13:19 - INFO - ...VALIDATION DONE!


2025-04-11 13:13:23 - INFO - STARTING THE MLP MODEL TRAINING AND EVALUATION PROCESS...
2025-04-11 13:13:23 - INFO - ---> Loading dataset from Data/data_3.csv
2025-04-11 13:13:25 - INFO - MLP model training and grid search completed successfully.
2025-04-11 13:13:25 - INFO - Best Parameters: {'regressor__estimator__activation': 'tanh', 'regressor__estimator__alpha': 0.001, 'regressor__estimator__hidden_layer_sizes': (100,), 'regressor__estimator__learning_rate_init': 0.001}
2025-04-11 13:13:25 - INFO - Test R-squared: 0.7129912776174847
2025-04-11 13:13:25 - INFO - Test Mean Squared Error: 0.013044458704001642
2025-04-11 13:13:25 - INFO - Test Mean Absolute Error: 0.07623364094621062
2025-04-11 13:13:25 - INFO - Best model saved successfully at _Models/mlp_pdi_data_3.pkl
2025-04-11 13:13:25 - INFO - ---> Loading validation dataset from Data/validation.csv
2025-04-11 13:13:25 - INFO - Model validation completed successfully.
2025-04-11 13:13:25 - INFO - Validation R-squared: 0.6191781599861745
2025-04-11 13:13:25 - INFO - Validation Mean Squared Error: 0.018139842736549113
2025-04-11 13:13:25 - INFO - Validation Mean Absolute Error: 0.10765906715336758
2025-04-11 13:13:25 - INFO - ...VALIDATION DONE!


