2025-04-11 15:25:17 - INFO - STARTING THE XGBOOST MODEL TRAINING PROCESS FOR PREDICTING SIZE...
2025-04-11 15:25:17 - INFO - ---> Loading dataset from Data/data_1.csv
2025-04-11 15:25:17 - INFO - STARTING THE XGBOOST MODEL TRAINING PROCESS FOR SEED 42...
2025-04-11 15:25:21 - INFO - Model training completed successfully for seed 42.
2025-04-11 15:25:21 - INFO - Training R-squared: 0.9889660477638245, Validation R-squared: 0.6280895471572876
2025-04-11 15:25:21 - INFO - Training Mean Squared Error: 12858.2998046875, Validation Mean Squared Error: 458466.78125
2025-04-11 15:25:21 - INFO - Training Mean Absolute Error: 11.571659088134766, Validation Mean Absolute Error: 162.07046508789062
2025-04-11 15:25:21 - INFO - ---> Loading validation dataset from Data/validation.csv
2025-04-11 15:25:21 - INFO - Validation R-squared for seed 42: -0.1455007791519165
2025-04-11 15:25:21 - INFO - Validation Mean Squared Error for seed 42: 287848.46875
2025-04-11 15:25:21 - INFO - Validation Mean Absolute Error for seed 42: 228.6011962890625
2025-04-11 15:25:21 - INFO - New best model found for seed 42 with Training R-squared: 0.9889660477638245 and Validation R-squared: -0.1455007791519165
2025-04-11 15:25:21 - INFO - ...DONE!


2025-04-11 15:25:21 - INFO - Best model saved to _Models/best_xgboost_model__data_1_size.pkl
2025-04-11 15:25:21 - INFO - STARTING THE XGBOOST MODEL TRAINING PROCESS FOR SEED 279...
2025-04-11 15:25:23 - INFO - Model training completed successfully for seed 279.
2025-04-11 15:25:23 - INFO - Training R-squared: 0.9877771735191345, Validation R-squared: 0.7373665571212769
2025-04-11 15:25:23 - INFO - Training Mean Squared Error: 14582.1943359375, Validation Mean Squared Error: 295126.71875
2025-04-11 15:25:23 - INFO - Training Mean Absolute Error: 31.086111068725586, Validation Mean Absolute Error: 138.2888641357422
2025-04-11 15:25:23 - INFO - ---> Loading validation dataset from Data/validation.csv
2025-04-11 15:25:23 - INFO - Validation R-squared for seed 279: -0.12853336334228516
2025-04-11 15:25:23 - INFO - Validation Mean Squared Error for seed 279: 283584.78125
2025-04-11 15:25:23 - INFO - Validation Mean Absolute Error for seed 279: 228.6365509033203
2025-04-11 15:25:23 - INFO - ...DONE!


2025-04-11 15:25:23 - INFO - Best model saved to _Models/best_xgboost_model__data_1_size.pkl
2025-04-11 15:25:23 - INFO - STARTING THE XGBOOST MODEL TRAINING PROCESS FOR SEED 897...
2025-04-11 15:25:25 - INFO - Model training completed successfully for seed 897.
2025-04-11 15:25:25 - INFO - Training R-squared: 0.9830284714698792, Validation R-squared: 0.36253082752227783
2025-04-11 15:25:25 - INFO - Training Mean Squared Error: 22647.7109375, Validation Mean Squared Error: 351300.96875
2025-04-11 15:25:25 - INFO - Training Mean Absolute Error: 42.60002899169922, Validation Mean Absolute Error: 107.85287475585938
2025-04-11 15:25:25 - INFO - ---> Loading validation dataset from Data/validation.csv
2025-04-11 15:25:25 - INFO - Validation R-squared for seed 897: 0.5918126106262207
2025-04-11 15:25:25 - INFO - Validation Mean Squared Error for seed 897: 102571.8203125
2025-04-11 15:25:25 - INFO - Validation Mean Absolute Error for seed 897: 113.88495635986328
2025-04-11 15:25:25 - INFO - ...DONE!


2025-04-11 15:25:25 - INFO - Best model saved to _Models/best_xgboost_model__data_1_size.pkl
2025-04-11 15:25:25 - INFO - STARTING THE XGBOOST MODEL TRAINING PROCESS FOR SEED 103...
2025-04-11 15:25:26 - INFO - Model training completed successfully for seed 103.
2025-04-11 15:25:26 - INFO - Training R-squared: 0.9992573261260986, Validation R-squared: 0.6608878374099731
2025-04-11 15:25:26 - INFO - Training Mean Squared Error: 621.3455810546875, Validation Mean Squared Error: 852028.0
2025-04-11 15:25:26 - INFO - Training Mean Absolute Error: 10.772643089294434, Validation Mean Absolute Error: 236.79537963867188
2025-04-11 15:25:26 - INFO - ---> Loading validation dataset from Data/validation.csv
2025-04-11 15:25:26 - INFO - Validation R-squared for seed 103: -0.4680211544036865
2025-04-11 15:25:26 - INFO - Validation Mean Squared Error for seed 103: 368893.34375
2025-04-11 15:25:26 - INFO - Validation Mean Absolute Error for seed 103: 289.0248718261719
2025-04-11 15:25:26 - INFO - ...DONE!


2025-04-11 15:25:26 - INFO - Best model saved to _Models/best_xgboost_model__data_1_size.pkl
2025-04-11 15:25:26 - INFO - STARTING THE XGBOOST MODEL TRAINING PROCESS FOR SEED 432...
2025-04-11 15:25:28 - INFO - Model training completed successfully for seed 432.
2025-04-11 15:25:28 - INFO - Training R-squared: 0.988926112651825, Validation R-squared: -0.014094948768615723
2025-04-11 15:25:28 - INFO - Training Mean Squared Error: 12956.0302734375, Validation Mean Squared Error: 1232147.0
2025-04-11 15:25:28 - INFO - Training Mean Absolute Error: 12.211063385009766, Validation Mean Absolute Error: 221.1575164794922
2025-04-11 15:25:28 - INFO - ---> Loading validation dataset from Data/validation.csv
2025-04-11 15:25:29 - INFO - Validation R-squared for seed 432: 0.8544730544090271
2025-04-11 15:25:29 - INFO - Validation Mean Squared Error for seed 432: 36568.90234375
2025-04-11 15:25:29 - INFO - Validation Mean Absolute Error for seed 432: 84.28997039794922
2025-04-11 15:25:29 - INFO - ...DONE!


2025-04-11 15:25:29 - INFO - Best model saved to _Models/best_xgboost_model__data_1_size.pkl
2025-04-11 15:25:29 - INFO - STARTING THE XGBOOST MODEL TRAINING PROCESS FOR SEED 780...
2025-04-11 15:25:30 - INFO - Model training completed successfully for seed 780.
2025-04-11 15:25:30 - INFO - Training R-squared: 0.9901522397994995, Validation R-squared: 0.44662314653396606
2025-04-11 15:25:30 - INFO - Training Mean Squared Error: 13311.947265625, Validation Mean Squared Error: 266870.875
2025-04-11 15:25:30 - INFO - Training Mean Absolute Error: 17.466283798217773, Validation Mean Absolute Error: 100.53691101074219
2025-04-11 15:25:30 - INFO - ---> Loading validation dataset from Data/validation.csv
2025-04-11 15:25:30 - INFO - Validation R-squared for seed 780: 0.7844294309616089
2025-04-11 15:25:30 - INFO - Validation Mean Squared Error for seed 780: 54169.90234375
2025-04-11 15:25:30 - INFO - Validation Mean Absolute Error for seed 780: 103.22126007080078
2025-04-11 15:25:30 - INFO - New best model found for seed 780 with Training R-squared: 0.9901522397994995 and Validation R-squared: 0.7844294309616089
2025-04-11 15:25:30 - INFO - ...DONE!


2025-04-11 15:25:30 - INFO - Best model saved to _Models/best_xgboost_model__data_1_size.pkl
2025-04-11 15:25:30 - INFO - STARTING THE XGBOOST MODEL TRAINING PROCESS FOR SEED 562...
2025-04-11 15:25:32 - INFO - Model training completed successfully for seed 562.
2025-04-11 15:25:32 - INFO - Training R-squared: 0.9996433258056641, Validation R-squared: 0.5602723956108093
2025-04-11 15:25:32 - INFO - Training Mean Squared Error: 492.2565612792969, Validation Mean Squared Error: 157034.890625
2025-04-11 15:25:32 - INFO - Training Mean Absolute Error: 8.92746639251709, Validation Mean Absolute Error: 100.50645446777344
2025-04-11 15:25:32 - INFO - ---> Loading validation dataset from Data/validation.csv
2025-04-11 15:25:32 - INFO - Validation R-squared for seed 562: 0.9753755927085876
2025-04-11 15:25:32 - INFO - Validation Mean Squared Error for seed 562: 6187.77734375
2025-04-11 15:25:32 - INFO - Validation Mean Absolute Error for seed 562: 45.332916259765625
2025-04-11 15:25:32 - INFO - New best model found for seed 562 with Training R-squared: 0.9996433258056641 and Validation R-squared: 0.9753755927085876
2025-04-11 15:25:32 - INFO - ...DONE!


2025-04-11 15:25:32 - INFO - Best model saved to _Models/best_xgboost_model__data_1_size.pkl
2025-04-11 15:25:32 - INFO - STARTING THE XGBOOST MODEL TRAINING PROCESS FOR SEED 951...
2025-04-11 15:25:34 - INFO - Model training completed successfully for seed 951.
2025-04-11 15:25:34 - INFO - Training R-squared: 0.9917073249816895, Validation R-squared: 0.5263992547988892
2025-04-11 15:25:34 - INFO - Training Mean Squared Error: 7931.033203125, Validation Mean Squared Error: 974467.75
2025-04-11 15:25:34 - INFO - Training Mean Absolute Error: 43.38845443725586, Validation Mean Absolute Error: 220.1650390625
2025-04-11 15:25:34 - INFO - ---> Loading validation dataset from Data/validation.csv
2025-04-11 15:25:34 - INFO - Validation R-squared for seed 951: 0.8453606963157654
2025-04-11 15:25:34 - INFO - Validation Mean Squared Error for seed 951: 38858.70703125
2025-04-11 15:25:34 - INFO - Validation Mean Absolute Error for seed 951: 108.90811157226562
2025-04-11 15:25:34 - INFO - ...DONE!


2025-04-11 15:25:34 - INFO - Best model saved to _Models/best_xgboost_model__data_1_size.pkl
2025-04-11 15:25:34 - INFO - STARTING THE XGBOOST MODEL TRAINING PROCESS FOR SEED 233...
2025-04-11 15:25:36 - INFO - Model training completed successfully for seed 233.
2025-04-11 15:25:36 - INFO - Training R-squared: 0.9863880276679993, Validation R-squared: 0.5772799253463745
2025-04-11 15:25:36 - INFO - Training Mean Squared Error: 13190.994140625, Validation Mean Squared Error: 841949.25
2025-04-11 15:25:36 - INFO - Training Mean Absolute Error: 13.142328262329102, Validation Mean Absolute Error: 221.04904174804688
2025-04-11 15:25:36 - INFO - ---> Loading validation dataset from Data/validation.csv
2025-04-11 15:25:36 - INFO - Validation R-squared for seed 233: 0.44562655687332153
2025-04-11 15:25:36 - INFO - Validation Mean Squared Error for seed 233: 139306.359375
2025-04-11 15:25:36 - INFO - Validation Mean Absolute Error for seed 233: 139.5203399658203
2025-04-11 15:25:36 - INFO - ...DONE!


2025-04-11 15:25:36 - INFO - Best model saved to _Models/best_xgboost_model__data_1_size.pkl
2025-04-11 15:25:36 - INFO - STARTING THE XGBOOST MODEL TRAINING PROCESS FOR SEED 682...
2025-04-11 15:25:38 - INFO - Model training completed successfully for seed 682.
2025-04-11 15:25:38 - INFO - Training R-squared: 0.9888054132461548, Validation R-squared: 0.4552353620529175
2025-04-11 15:25:38 - INFO - Training Mean Squared Error: 13161.720703125, Validation Mean Squared Error: 646625.25
2025-04-11 15:25:38 - INFO - Training Mean Absolute Error: 17.61310386657715, Validation Mean Absolute Error: 210.4599151611328
2025-04-11 15:25:38 - INFO - ---> Loading validation dataset from Data/validation.csv
2025-04-11 15:25:38 - INFO - Validation R-squared for seed 682: 0.30395257472991943
2025-04-11 15:25:38 - INFO - Validation Mean Squared Error for seed 682: 174907.0625
2025-04-11 15:25:38 - INFO - Validation Mean Absolute Error for seed 682: 203.6442108154297
2025-04-11 15:25:38 - INFO - ...DONE!


2025-04-11 15:25:38 - INFO - Best model saved to _Models/best_xgboost_model__data_1_size.pkl
2025-04-11 15:25:38 - INFO - Training complete for all seeds.
2025-04-11 15:25:38 - INFO - Best model is from seed 562 with Training R-squared: 0.9996433258056641 and Validation R-squared: 0.9753755927085876
2025-04-11 15:26:39 - INFO - STARTING THE XGBOOST MODEL TRAINING PROCESS FOR PREDICTING SIZE...
2025-04-11 15:26:39 - INFO - ---> Loading dataset from Data/data_2.csv
2025-04-11 15:26:39 - INFO - STARTING THE XGBOOST MODEL TRAINING PROCESS FOR SEED 42...
2025-04-11 15:26:42 - INFO - Model training completed successfully for seed 42.
2025-04-11 15:26:42 - INFO - Training R-squared: 0.9948998093605042, Validation R-squared: 0.8534559011459351
2025-04-11 15:26:42 - INFO - Training Mean Squared Error: 6598.3017578125, Validation Mean Squared Error: 125776.734375
2025-04-11 15:26:42 - INFO - Training Mean Absolute Error: 39.400306701660156, Validation Mean Absolute Error: 132.1278533935547
2025-04-11 15:26:42 - INFO - ---> Loading validation dataset from Data/validation.csv
2025-04-11 15:26:42 - INFO - Validation R-squared for seed 42: 0.8358005881309509
2025-04-11 15:26:42 - INFO - Validation Mean Squared Error for seed 42: 41261.02734375
2025-04-11 15:26:42 - INFO - Validation Mean Absolute Error for seed 42: 108.14130401611328
2025-04-11 15:26:42 - INFO - New best model found for seed 42 with Training R-squared: 0.9948998093605042 and Validation R-squared: 0.8358005881309509
2025-04-11 15:26:42 - INFO - ...DONE!


2025-04-11 15:26:42 - INFO - Best model saved to _Models/best_xgboost_model__data_2_size.pkl
2025-04-11 15:26:42 - INFO - STARTING THE XGBOOST MODEL TRAINING PROCESS FOR SEED 279...
2025-04-11 15:26:44 - INFO - Model training completed successfully for seed 279.
2025-04-11 15:26:44 - INFO - Training R-squared: 0.9788091778755188, Validation R-squared: 0.6279089450836182
2025-04-11 15:26:44 - INFO - Training Mean Squared Error: 22166.306640625, Validation Mean Squared Error: 681057.125
2025-04-11 15:26:44 - INFO - Training Mean Absolute Error: 54.370849609375, Validation Mean Absolute Error: 246.1644744873047
2025-04-11 15:26:44 - INFO - ---> Loading validation dataset from Data/validation.csv
2025-04-11 15:26:44 - INFO - Validation R-squared for seed 279: 0.880577027797699
2025-04-11 15:26:44 - INFO - Validation Mean Squared Error for seed 279: 30009.3359375
2025-04-11 15:26:44 - INFO - Validation Mean Absolute Error for seed 279: 93.7499008178711
2025-04-11 15:26:44 - INFO - ...DONE!


2025-04-11 15:26:44 - INFO - Best model saved to _Models/best_xgboost_model__data_2_size.pkl
2025-04-11 15:26:44 - INFO - STARTING THE XGBOOST MODEL TRAINING PROCESS FOR SEED 897...
2025-04-11 15:26:46 - INFO - Model training completed successfully for seed 897.
2025-04-11 15:26:46 - INFO - Training R-squared: 0.889389157295227, Validation R-squared: 0.5818795561790466
2025-04-11 15:26:46 - INFO - Training Mean Squared Error: 136325.4375, Validation Mean Squared Error: 461825.21875
2025-04-11 15:26:46 - INFO - Training Mean Absolute Error: 93.82551574707031, Validation Mean Absolute Error: 154.69528198242188
2025-04-11 15:26:46 - INFO - ---> Loading validation dataset from Data/validation.csv
2025-04-11 15:26:46 - INFO - Validation R-squared for seed 897: 0.5319076776504517
2025-04-11 15:26:46 - INFO - Validation Mean Squared Error for seed 897: 117625.1015625
2025-04-11 15:26:46 - INFO - Validation Mean Absolute Error for seed 897: 133.27572631835938
2025-04-11 15:26:46 - INFO - ...DONE!


2025-04-11 15:26:46 - INFO - Best model saved to _Models/best_xgboost_model__data_2_size.pkl
2025-04-11 15:26:46 - INFO - STARTING THE XGBOOST MODEL TRAINING PROCESS FOR SEED 103...
2025-04-11 15:26:48 - INFO - Model training completed successfully for seed 103.
2025-04-11 15:26:48 - INFO - Training R-squared: 0.8810549974441528, Validation R-squared: 0.5664101839065552
2025-04-11 15:26:48 - INFO - Training Mean Squared Error: 132905.375, Validation Mean Squared Error: 677743.875
2025-04-11 15:26:48 - INFO - Training Mean Absolute Error: 109.26470947265625, Validation Mean Absolute Error: 214.37025451660156
2025-04-11 15:26:48 - INFO - ---> Loading validation dataset from Data/validation.csv
2025-04-11 15:26:48 - INFO - Validation R-squared for seed 103: 0.6742641925811768
2025-04-11 15:26:48 - INFO - Validation Mean Squared Error for seed 103: 81852.8984375
2025-04-11 15:26:48 - INFO - Validation Mean Absolute Error for seed 103: 155.73898315429688
2025-04-11 15:26:48 - INFO - ...DONE!


2025-04-11 15:26:48 - INFO - Best model saved to _Models/best_xgboost_model__data_2_size.pkl
2025-04-11 15:26:48 - INFO - STARTING THE XGBOOST MODEL TRAINING PROCESS FOR SEED 432...
2025-04-11 15:26:51 - INFO - Model training completed successfully for seed 432.
2025-04-11 15:26:51 - INFO - Training R-squared: 0.9912248849868774, Validation R-squared: 0.8169600367546082
2025-04-11 15:26:51 - INFO - Training Mean Squared Error: 10946.2958984375, Validation Mean Squared Error: 191381.9375
2025-04-11 15:26:51 - INFO - Training Mean Absolute Error: 9.471490859985352, Validation Mean Absolute Error: 147.36264038085938
2025-04-11 15:26:51 - INFO - ---> Loading validation dataset from Data/validation.csv
2025-04-11 15:26:51 - INFO - Validation R-squared for seed 432: -1.55006742477417
2025-04-11 15:26:51 - INFO - Validation Mean Squared Error for seed 432: 640796.5625
2025-04-11 15:26:51 - INFO - Validation Mean Absolute Error for seed 432: 308.9482727050781
2025-04-11 15:26:51 - INFO - ...DONE!


2025-04-11 15:26:51 - INFO - Best model saved to _Models/best_xgboost_model__data_2_size.pkl
2025-04-11 15:26:51 - INFO - STARTING THE XGBOOST MODEL TRAINING PROCESS FOR SEED 780...
2025-04-11 15:26:53 - INFO - Model training completed successfully for seed 780.
2025-04-11 15:26:53 - INFO - Training R-squared: 0.9906443953514099, Validation R-squared: 0.6765527725219727
2025-04-11 15:26:53 - INFO - Training Mean Squared Error: 10458.3525390625, Validation Mean Squared Error: 504500.0625
2025-04-11 15:26:53 - INFO - Training Mean Absolute Error: 10.700653076171875, Validation Mean Absolute Error: 131.88632202148438
2025-04-11 15:26:53 - INFO - ---> Loading validation dataset from Data/validation.csv
2025-04-11 15:26:53 - INFO - Validation R-squared for seed 780: 0.35112887620925903
2025-04-11 15:26:53 - INFO - Validation Mean Squared Error for seed 780: 163052.3125
2025-04-11 15:26:53 - INFO - Validation Mean Absolute Error for seed 780: 195.6370086669922
2025-04-11 15:26:53 - INFO - ...DONE!


2025-04-11 15:26:53 - INFO - Best model saved to _Models/best_xgboost_model__data_2_size.pkl
2025-04-11 15:26:53 - INFO - STARTING THE XGBOOST MODEL TRAINING PROCESS FOR SEED 562...
2025-04-11 15:26:55 - INFO - Model training completed successfully for seed 562.
2025-04-11 15:26:55 - INFO - Training R-squared: 0.9873319268226624, Validation R-squared: 0.9591450095176697
2025-04-11 15:26:55 - INFO - Training Mean Squared Error: 17499.052734375, Validation Mean Squared Error: 20311.7421875
2025-04-11 15:26:55 - INFO - Training Mean Absolute Error: 30.040687561035156, Validation Mean Absolute Error: 39.65345001220703
2025-04-11 15:26:55 - INFO - ---> Loading validation dataset from Data/validation.csv
2025-04-11 15:26:55 - INFO - Validation R-squared for seed 562: 0.8357985615730286
2025-04-11 15:26:55 - INFO - Validation Mean Squared Error for seed 562: 41261.546875
2025-04-11 15:26:55 - INFO - Validation Mean Absolute Error for seed 562: 100.29824829101562
2025-04-11 15:26:55 - INFO - ...DONE!


2025-04-11 15:26:55 - INFO - Best model saved to _Models/best_xgboost_model__data_2_size.pkl
2025-04-11 15:26:55 - INFO - STARTING THE XGBOOST MODEL TRAINING PROCESS FOR SEED 951...
2025-04-11 15:26:57 - INFO - Model training completed successfully for seed 951.
2025-04-11 15:26:57 - INFO - Training R-squared: 0.9880984425544739, Validation R-squared: 0.4700425863265991
2025-04-11 15:26:57 - INFO - Training Mean Squared Error: 11152.44921875, Validation Mean Squared Error: 1206423.625
2025-04-11 15:26:57 - INFO - Training Mean Absolute Error: 23.489856719970703, Validation Mean Absolute Error: 229.8427276611328
2025-04-11 15:26:57 - INFO - ---> Loading validation dataset from Data/validation.csv
2025-04-11 15:26:57 - INFO - Validation R-squared for seed 951: 0.3221459984779358
2025-04-11 15:26:57 - INFO - Validation Mean Squared Error for seed 951: 170335.3125
2025-04-11 15:26:57 - INFO - Validation Mean Absolute Error for seed 951: 187.98854064941406
2025-04-11 15:26:57 - INFO - ...DONE!


2025-04-11 15:26:57 - INFO - Best model saved to _Models/best_xgboost_model__data_2_size.pkl
2025-04-11 15:26:57 - INFO - STARTING THE XGBOOST MODEL TRAINING PROCESS FOR SEED 233...
2025-04-11 15:26:59 - INFO - Model training completed successfully for seed 233.
2025-04-11 15:26:59 - INFO - Training R-squared: 0.9996873736381531, Validation R-squared: 0.5997180938720703
2025-04-11 15:26:59 - INFO - Training Mean Squared Error: 258.9820556640625, Validation Mean Squared Error: 1066899.625
2025-04-11 15:26:59 - INFO - Training Mean Absolute Error: 8.138349533081055, Validation Mean Absolute Error: 296.2968444824219
2025-04-11 15:26:59 - INFO - ---> Loading validation dataset from Data/validation.csv
2025-04-11 15:26:59 - INFO - Validation R-squared for seed 233: -0.12822043895721436
2025-04-11 15:26:59 - INFO - Validation Mean Squared Error for seed 233: 283506.15625
2025-04-11 15:26:59 - INFO - Validation Mean Absolute Error for seed 233: 200.2881317138672
2025-04-11 15:26:59 - INFO - ...DONE!


2025-04-11 15:26:59 - INFO - Best model saved to _Models/best_xgboost_model__data_2_size.pkl
2025-04-11 15:26:59 - INFO - STARTING THE XGBOOST MODEL TRAINING PROCESS FOR SEED 682...
2025-04-11 15:27:02 - INFO - Model training completed successfully for seed 682.
2025-04-11 15:27:02 - INFO - Training R-squared: 0.8804152011871338, Validation R-squared: -0.01283121109008789
2025-04-11 15:27:02 - INFO - Training Mean Squared Error: 172029.140625, Validation Mean Squared Error: 262025.1875
2025-04-11 15:27:02 - INFO - Training Mean Absolute Error: 130.75672912597656, Validation Mean Absolute Error: 174.3294677734375
2025-04-11 15:27:02 - INFO - ---> Loading validation dataset from Data/validation.csv
2025-04-11 15:27:02 - INFO - Validation R-squared for seed 682: 0.7208347916603088
2025-04-11 15:27:02 - INFO - Validation Mean Squared Error for seed 682: 70150.34375
2025-04-11 15:27:02 - INFO - Validation Mean Absolute Error for seed 682: 137.6136016845703
2025-04-11 15:27:02 - INFO - ...DONE!


2025-04-11 15:27:02 - INFO - Best model saved to _Models/best_xgboost_model__data_2_size.pkl
2025-04-11 15:27:02 - INFO - Training complete for all seeds.
2025-04-11 15:27:02 - INFO - Best model is from seed 42 with Training R-squared: 0.9948998093605042 and Validation R-squared: 0.8358005881309509
2025-04-11 15:27:25 - INFO - STARTING THE XGBOOST MODEL TRAINING PROCESS FOR PREDICTING SIZE...
2025-04-11 15:27:25 - INFO - ---> Loading dataset from Data/data_3.csv
2025-04-11 15:27:25 - INFO - STARTING THE XGBOOST MODEL TRAINING PROCESS FOR SEED 42...
2025-04-11 15:27:28 - INFO - Model training completed successfully for seed 42.
2025-04-11 15:27:28 - INFO - Training R-squared: 0.9913569092750549, Validation R-squared: 0.7196764349937439
2025-04-11 15:27:28 - INFO - Training Mean Squared Error: 11123.75, Validation Mean Squared Error: 368450.78125
2025-04-11 15:27:28 - INFO - Training Mean Absolute Error: 17.980396270751953, Validation Mean Absolute Error: 201.21080017089844
2025-04-11 15:27:28 - INFO - ---> Loading validation dataset from Data/validation.csv
2025-04-11 15:27:28 - INFO - Validation R-squared for seed 42: 0.6693346500396729
2025-04-11 15:27:28 - INFO - Validation Mean Squared Error for seed 42: 83091.6171875
2025-04-11 15:27:28 - INFO - Validation Mean Absolute Error for seed 42: 134.1072540283203
2025-04-11 15:27:28 - INFO - New best model found for seed 42 with Training R-squared: 0.9913569092750549 and Validation R-squared: 0.6693346500396729
2025-04-11 15:27:28 - INFO - ...DONE!


2025-04-11 15:27:28 - INFO - Best model saved to _Models/best_xgboost_model__data_3_size.pkl
2025-04-11 15:27:28 - INFO - STARTING THE XGBOOST MODEL TRAINING PROCESS FOR SEED 279...
2025-04-11 15:27:30 - INFO - Model training completed successfully for seed 279.
2025-04-11 15:27:30 - INFO - Training R-squared: 0.999871015548706, Validation R-squared: 0.7130333185195923
2025-04-11 15:27:30 - INFO - Training Mean Squared Error: 145.28675842285156, Validation Mean Squared Error: 552745.0
2025-04-11 15:27:30 - INFO - Training Mean Absolute Error: 5.500112056732178, Validation Mean Absolute Error: 194.63754272460938
2025-04-11 15:27:30 - INFO - ---> Loading validation dataset from Data/validation.csv
2025-04-11 15:27:30 - INFO - Validation R-squared for seed 279: 0.9776394367218018
2025-04-11 15:27:30 - INFO - Validation Mean Squared Error for seed 279: 5618.896484375
2025-04-11 15:27:30 - INFO - Validation Mean Absolute Error for seed 279: 40.0693473815918
2025-04-11 15:27:30 - INFO - New best model found for seed 279 with Training R-squared: 0.999871015548706 and Validation R-squared: 0.9776394367218018
2025-04-11 15:27:30 - INFO - ...DONE!


2025-04-11 15:27:30 - INFO - Best model saved to _Models/best_xgboost_model__data_3_size.pkl
2025-04-11 15:27:30 - INFO - STARTING THE XGBOOST MODEL TRAINING PROCESS FOR SEED 897...
2025-04-11 15:27:32 - INFO - Model training completed successfully for seed 897.
2025-04-11 15:27:32 - INFO - Training R-squared: 0.9912751913070679, Validation R-squared: 0.24594658613204956
2025-04-11 15:27:32 - INFO - Training Mean Squared Error: 12796.4765625, Validation Mean Squared Error: 451908.65625
2025-04-11 15:27:32 - INFO - Training Mean Absolute Error: 32.74129867553711, Validation Mean Absolute Error: 166.9557342529297
2025-04-11 15:27:32 - INFO - ---> Loading validation dataset from Data/validation.csv
2025-04-11 15:27:32 - INFO - Validation R-squared for seed 897: 0.7002431154251099
2025-04-11 15:27:32 - INFO - Validation Mean Squared Error for seed 897: 75324.75
2025-04-11 15:27:32 - INFO - Validation Mean Absolute Error for seed 897: 121.6826400756836
2025-04-11 15:27:32 - INFO - ...DONE!


2025-04-11 15:27:32 - INFO - Best model saved to _Models/best_xgboost_model__data_3_size.pkl
2025-04-11 15:27:32 - INFO - STARTING THE XGBOOST MODEL TRAINING PROCESS FOR SEED 103...
2025-04-11 15:27:34 - INFO - Model training completed successfully for seed 103.
2025-04-11 15:27:34 - INFO - Training R-squared: 0.99980628490448, Validation R-squared: 0.6861495971679688
2025-04-11 15:27:34 - INFO - Training Mean Squared Error: 214.60220336914062, Validation Mean Squared Error: 633237.875
2025-04-11 15:27:34 - INFO - Training Mean Absolute Error: 5.727400302886963, Validation Mean Absolute Error: 161.35472106933594
2025-04-11 15:27:34 - INFO - ---> Loading validation dataset from Data/validation.csv
2025-04-11 15:27:34 - INFO - Validation R-squared for seed 103: 0.42879247665405273
2025-04-11 15:27:34 - INFO - Validation Mean Squared Error for seed 103: 143536.515625
2025-04-11 15:27:34 - INFO - Validation Mean Absolute Error for seed 103: 167.1370086669922
2025-04-11 15:27:34 - INFO - ...DONE!


2025-04-11 15:27:34 - INFO - Best model saved to _Models/best_xgboost_model__data_3_size.pkl
2025-04-11 15:27:34 - INFO - STARTING THE XGBOOST MODEL TRAINING PROCESS FOR SEED 432...
2025-04-11 15:27:37 - INFO - Model training completed successfully for seed 432.
2025-04-11 15:27:37 - INFO - Training R-squared: 0.9931456446647644, Validation R-squared: 0.6236183047294617
2025-04-11 15:27:37 - INFO - Training Mean Squared Error: 8051.75634765625, Validation Mean Squared Error: 661644.25
2025-04-11 15:27:37 - INFO - Training Mean Absolute Error: 9.285762786865234, Validation Mean Absolute Error: 195.962158203125
2025-04-11 15:27:37 - INFO - ---> Loading validation dataset from Data/validation.csv
2025-04-11 15:27:37 - INFO - Validation R-squared for seed 432: 0.8610205054283142
2025-04-11 15:27:37 - INFO - Validation Mean Squared Error for seed 432: 34923.61328125
2025-04-11 15:27:37 - INFO - Validation Mean Absolute Error for seed 432: 95.30907440185547
2025-04-11 15:27:37 - INFO - ...DONE!


2025-04-11 15:27:37 - INFO - Best model saved to _Models/best_xgboost_model__data_3_size.pkl
2025-04-11 15:27:37 - INFO - STARTING THE XGBOOST MODEL TRAINING PROCESS FOR SEED 780...
2025-04-11 15:27:39 - INFO - Model training completed successfully for seed 780.
2025-04-11 15:27:39 - INFO - Training R-squared: 0.9930188655853271, Validation R-squared: 0.4922436475753784
2025-04-11 15:27:39 - INFO - Training Mean Squared Error: 8689.9072265625, Validation Mean Squared Error: 752382.625
2025-04-11 15:27:39 - INFO - Training Mean Absolute Error: 22.29672622680664, Validation Mean Absolute Error: 178.00587463378906
2025-04-11 15:27:39 - INFO - ---> Loading validation dataset from Data/validation.csv
2025-04-11 15:27:39 - INFO - Validation R-squared for seed 780: 0.838388204574585
2025-04-11 15:27:39 - INFO - Validation Mean Squared Error for seed 780: 40610.80078125
2025-04-11 15:27:39 - INFO - Validation Mean Absolute Error for seed 780: 122.7823486328125
2025-04-11 15:27:39 - INFO - ...DONE!


2025-04-11 15:27:39 - INFO - Best model saved to _Models/best_xgboost_model__data_3_size.pkl
2025-04-11 15:27:39 - INFO - STARTING THE XGBOOST MODEL TRAINING PROCESS FOR SEED 562...
2025-04-11 15:27:41 - INFO - Model training completed successfully for seed 562.
2025-04-11 15:27:41 - INFO - Training R-squared: 0.9929547905921936, Validation R-squared: 0.7824031114578247
2025-04-11 15:27:41 - INFO - Training Mean Squared Error: 10887.033203125, Validation Mean Squared Error: 51709.0546875
2025-04-11 15:27:41 - INFO - Training Mean Absolute Error: 16.900901794433594, Validation Mean Absolute Error: 61.64316177368164
2025-04-11 15:27:41 - INFO - ---> Loading validation dataset from Data/validation.csv
2025-04-11 15:27:41 - INFO - Validation R-squared for seed 562: 0.5729734897613525
2025-04-11 15:27:41 - INFO - Validation Mean Squared Error for seed 562: 107305.8359375
2025-04-11 15:27:41 - INFO - Validation Mean Absolute Error for seed 562: 148.1718292236328
2025-04-11 15:27:41 - INFO - ...DONE!


2025-04-11 15:27:41 - INFO - Best model saved to _Models/best_xgboost_model__data_3_size.pkl
2025-04-11 15:27:41 - INFO - STARTING THE XGBOOST MODEL TRAINING PROCESS FOR SEED 951...
2025-04-11 15:27:44 - INFO - Model training completed successfully for seed 951.
2025-04-11 15:27:44 - INFO - Training R-squared: 0.9915848970413208, Validation R-squared: 0.8052128553390503
2025-04-11 15:27:44 - INFO - Training Mean Squared Error: 10708.3154296875, Validation Mean Squared Error: 267593.75
2025-04-11 15:27:44 - INFO - Training Mean Absolute Error: 11.791499137878418, Validation Mean Absolute Error: 121.45974731445312
2025-04-11 15:27:44 - INFO - ---> Loading validation dataset from Data/validation.csv
2025-04-11 15:27:44 - INFO - Validation R-squared for seed 951: 0.7796204090118408
2025-04-11 15:27:44 - INFO - Validation Mean Squared Error for seed 951: 55378.33203125
2025-04-11 15:27:44 - INFO - Validation Mean Absolute Error for seed 951: 119.31148529052734
2025-04-11 15:27:44 - INFO - ...DONE!


2025-04-11 15:27:44 - INFO - Best model saved to _Models/best_xgboost_model__data_3_size.pkl
2025-04-11 15:27:44 - INFO - STARTING THE XGBOOST MODEL TRAINING PROCESS FOR SEED 233...
2025-04-11 15:27:46 - INFO - Model training completed successfully for seed 233.
2025-04-11 15:27:46 - INFO - Training R-squared: 0.9999641180038452, Validation R-squared: 0.9353282451629639
2025-04-11 15:27:46 - INFO - Training Mean Squared Error: 39.814247131347656, Validation Mean Squared Error: 129528.1015625
2025-04-11 15:27:46 - INFO - Training Mean Absolute Error: 4.416042327880859, Validation Mean Absolute Error: 95.86876678466797
2025-04-11 15:27:46 - INFO - ---> Loading validation dataset from Data/validation.csv
2025-04-11 15:27:46 - INFO - Validation R-squared for seed 233: 0.9824850559234619
2025-04-11 15:27:46 - INFO - Validation Mean Squared Error for seed 233: 4401.25830078125
2025-04-11 15:27:46 - INFO - Validation Mean Absolute Error for seed 233: 37.67574691772461
2025-04-11 15:27:46 - INFO - New best model found for seed 233 with Training R-squared: 0.9999641180038452 and Validation R-squared: 0.9824850559234619
2025-04-11 15:27:46 - INFO - ...DONE!


2025-04-11 15:27:46 - INFO - Best model saved to _Models/best_xgboost_model__data_3_size.pkl
2025-04-11 15:27:46 - INFO - STARTING THE XGBOOST MODEL TRAINING PROCESS FOR SEED 682...
2025-04-11 15:27:49 - INFO - Model training completed successfully for seed 682.
2025-04-11 15:27:49 - INFO - Training R-squared: 0.9945113658905029, Validation R-squared: 0.4239826798439026
2025-04-11 15:27:49 - INFO - Training Mean Squared Error: 8179.8359375, Validation Mean Squared Error: 287726.9375
2025-04-11 15:27:49 - INFO - Training Mean Absolute Error: 10.375758171081543, Validation Mean Absolute Error: 156.394287109375
2025-04-11 15:27:49 - INFO - ---> Loading validation dataset from Data/validation.csv
2025-04-11 15:27:49 - INFO - Validation R-squared for seed 682: 0.7553651928901672
2025-04-11 15:27:49 - INFO - Validation Mean Squared Error for seed 682: 61473.33203125
2025-04-11 15:27:49 - INFO - Validation Mean Absolute Error for seed 682: 126.8707504272461
2025-04-11 15:27:49 - INFO - ...DONE!


2025-04-11 15:27:49 - INFO - Best model saved to _Models/best_xgboost_model__data_3_size.pkl
2025-04-11 15:27:49 - INFO - Training complete for all seeds.
2025-04-11 15:27:49 - INFO - Best model is from seed 233 with Training R-squared: 0.9999641180038452 and Validation R-squared: 0.9824850559234619
